[debug] [2024-06-25T07:39:04.112Z] ----------------------------------------------------------------------
[debug] [2024-06-25T07:39:04.119Z] Command:       C:\Program Files\nodejs\node.exe C:\Users\aswin.pt\AppData\Roaming\npm\node_modules\firebase-tools\lib\bin\firebase.js projects:list
[debug] [2024-06-25T07:39:04.119Z] CLI Version:   13.11.4
[debug] [2024-06-25T07:39:04.119Z] Platform:      win32
[debug] [2024-06-25T07:39:04.119Z] Node Version:  v21.2.0
[debug] [2024-06-25T07:39:04.120Z] Time:          Tue Jun 25 2024 13:09:04 GMT+0530 (India Standard Time)
[debug] [2024-06-25T07:39:04.120Z] ----------------------------------------------------------------------
[debug] 
[debug] [2024-06-25T07:39:04.122Z] >>> [apiv2][query] GET https://firebase-public.firebaseio.com/cli.json [none]
[debug] [2024-06-25T07:39:04.228Z] > command requires scopes: ["email","openid","https://www.googleapis.com/auth/cloudplatformprojects.readonly","https://www.googleapis.com/auth/firebase","https://www.googleapis.com/auth/cloud-platform"]
[debug] [2024-06-25T07:39:04.229Z] > authorizing via signed-in user (aswinpt.apt.2001@gmail.com)
[debug] [2024-06-25T07:39:04.232Z] > refreshing access token with scopes: []
[debug] [2024-06-25T07:39:04.233Z] >>> [apiv2][query] POST https://www.googleapis.com/oauth2/v3/token [none]
[debug] [2024-06-25T07:39:04.233Z] >>> [apiv2][body] POST https://www.googleapis.com/oauth2/v3/token [omitted]
[debug] [2024-06-25T07:39:04.417Z] *** [apiv2] error from fetch(https://www.googleapis.com/oauth2/v3/token, {"headers":{},"method":"POST","body":{"_overheadLength":545,"_valueLength":212,"_valuesToMeasure":[],"writable":false,"readable":true,"dataSize":0,"maxDataSize":2097152,"pauseStreams":true,"_released":true,"_streams":[],"_currentStream":null,"_insideLoop":false,"_pendingNext":false,"_boundary":"--------------------------553517252573569644720746","_events":{},"_eventsCount":1}}): FetchError: request to https://www.googleapis.com/oauth2/v3/token failed, reason: self-signed certificate in certificate chain
[debug] [2024-06-25T07:39:04.417Z] Authentication Error: Your credentials are no longer valid. Please run firebase login --reauth

For CI servers and headless environments, generate a new token with firebase login:ci
[debug] [2024-06-25T07:39:04.544Z] FirebaseError: Authentication Error: Your credentials are no longer valid. Please run firebase login --reauth

For CI servers and headless environments, generate a new token with firebase login:ci
    at invalidCredentialError (C:\Users\aswin.pt\AppData\Roaming\npm\node_modules\firebase-tools\lib\auth.js:142:12)
    at refreshTokens (C:\Users\aswin.pt\AppData\Roaming\npm\node_modules\firebase-tools\lib\auth.js:515:15)
    at process.processTicksAndRejections (node:internal/process/task_queues:95:5)
    at async getAccessToken (C:\Users\aswin.pt\AppData\Roaming\npm\node_modules\firebase-tools\lib\apiv2.js:40:18)
    at async Client.addAuthHeader (C:\Users\aswin.pt\AppData\Roaming\npm\node_modules\firebase-tools\lib\apiv2.js:167:21)
    at async Client.request (C:\Users\aswin.pt\AppData\Roaming\npm\node_modules\firebase-tools\lib\apiv2.js:118:34)
    at async getProjectPage (C:\Users\aswin.pt\AppData\Roaming\npm\node_modules\firebase-tools\lib\management\projects.js:238:17)
    at async getFirebaseProjectPage (C:\Users\aswin.pt\AppData\Roaming\npm\node_modules\firebase-tools\lib\management\projects.js:255:23)
    at async listFirebaseProjects (C:\Users\aswin.pt\AppData\Roaming\npm\node_modules\firebase-tools\lib\management\projects.js:286:29)
    at async Command.actionFn (C:\Users\aswin.pt\AppData\Roaming\npm\node_modules\firebase-tools\lib\commands\projects-list.js:51:20)
[error] 
[error] Error: Failed to list Firebase projects. See firebase-debug.log for more info.
[debug] [2024-06-25T07:39:04.608Z] *** [apiv2] error from fetch(https://firebase-public.firebaseio.com/cli.json, {"headers":{},"method":"GET"}): FetchError: request to https://firebase-public.firebaseio.com/cli.json failed, reason: self-signed certificate in certificate chain
[warn] !  Unable to fetch the CLI MOTD and remote config. This is not a fatal error, but may indicate an issue with your network connection. 
[debug] [2024-06-25T07:39:04.609Z] Failed to fetch MOTD FirebaseError: Failed to make request to https://firebase-public.firebaseio.com/cli.json
